<?xml version="1.0" encoding="UTF-8"?>
<testng-results ignored="0" total="1" passed="1" failed="0" skipped="0">
  <reporter-output>
  </reporter-output>
  <suite started-at="2022-08-31T20:18:18 ART" name="TestSuite" finished-at="2022-08-31T20:18:39 ART" duration-ms="21708">
    <groups>
    </groups>
    <test started-at="2022-08-31T20:18:18 ART" name="ANDROID" finished-at="2022-08-31T20:18:39 ART" duration-ms="21708">
      <class name="com.calendario.CalendarioTest">
        <test-method is-config="true" signature="buildDriver(java.lang.String)[pri:0, instance:com.calendario.CalendarioTest@361c294e]" started-at="2022-08-31T20:18:18 ART" name="buildDriver" finished-at="2022-08-31T20:18:30 ART" duration-ms="12165" status="PASS">
          <params>
            <param index="0">
              <value>
                <![CDATA[http://localhost:4723/wd/hub]]>
              </value>
            </param>
          </params>
          <reporter-output>
          </reporter-output>
        </test-method> <!-- buildDriver -->
        <test-method signature="f()[pri:0, instance:com.calendario.CalendarioTest@361c294e]" started-at="2022-08-31T20:18:30 ART" name="f" finished-at="2022-08-31T20:18:39 ART" duration-ms="9491" status="PASS">
          <reporter-output>
          </reporter-output>
        </test-method> <!-- f -->
        <test-method is-config="true" signature="afterTest()[pri:0, instance:com.calendario.CalendarioTest@361c294e]" started-at="2022-08-31T20:18:39 ART" name="afterTest" finished-at="2022-08-31T20:18:39 ART" duration-ms="1" status="PASS">
          <reporter-output>
          </reporter-output>
        </test-method> <!-- afterTest -->
      </class> <!-- com.calendario.CalendarioTest -->
    </test> <!-- ANDROID -->
  </suite> <!-- TestSuite -->
</testng-results>
